2026.03.23 13:55:40 INFO  Started: Metals version 1.6.6 in folders 'C:\Users\Korsb\OneDrive - Danmarks Tekniske Universitet\Desktop\DTU courses\4. semester\02161 - Software Engineering 1\Exam_project' for client Visual Studio Code 1.111.0.
2026.03.23 13:55:40 INFO  time: initialize in 0.18s
2026.03.23 13:55:40 INFO  Memory monitor started
2026.03.23 13:55:44 WARN  Using H2 2.4.240 which is newer than the version Flyway has been verified with. The latest verified version of H2 is 2.3.232.
2026.03.23 13:55:45 INFO  no build target found for C:\Users\Korsb\OneDrive - Danmarks Tekniske Universitet\Desktop\DTU courses\4. semester\02161 - Software Engineering 1\Exam_project\src\main\java\com\example\App.java. Using fallback presentation compiler.
2026.03.23 13:55:47 INFO  no build target found for C:\Users\Korsb\OneDrive - Danmarks Tekniske Universitet\Desktop\DTU courses\4. semester\02161 - Software Engineering 1\Exam_project\src\main\java\com\example\App.java. Using fallback presentation compiler.
2026.03.23 13:56:14 INFO  no build target found for C:\Users\Korsb\OneDrive - Danmarks Tekniske Universitet\Desktop\DTU courses\4. semester\02161 - Software Engineering 1\Exam_project\src\main\java\com\example\App.java. Using fallback presentation compiler.
2026.03.23 13:56:58 INFO  no build target found for C:\Users\Korsb\OneDrive - Danmarks Tekniske Universitet\Desktop\DTU courses\4. semester\02161 - Software Engineering 1\Exam_project\src\main\java\com\example\App.java. Using fallback presentation compiler.
Mar 23, 2026 1:56:58 PM org.eclipse.lsp4j.jsonrpc.RemoteEndpoint handleCancellation
WARNING: Unmatched cancel notification for request id 10
2026.03.23 13:56:58 INFO  no build target found for C:\Users\Korsb\OneDrive - Danmarks Tekniske Universitet\Desktop\DTU courses\4. semester\02161 - Software Engineering 1\Exam_project\src\main\java\com\example\App.java. Using fallback presentation compiler.
2026.03.23 13:56:58 INFO  no build target found for C:\Users\Korsb\OneDrive - Danmarks Tekniske Universitet\Desktop\DTU courses\4. semester\02161 - Software Engineering 1\Exam_project\src\main\java\com\example\App.java. Using fallback presentation compiler.
2026.03.23 13:56:58 INFO  no build target found for C:\Users\Korsb\OneDrive - Danmarks Tekniske Universitet\Desktop\DTU courses\4. semester\02161 - Software Engineering 1\Exam_project\src\main\java\com\example\App.java. Using fallback presentation compiler.
Mar 23, 2026 1:56:58 PM org.eclipse.lsp4j.jsonrpc.RemoteEndpoint handleCancellation
WARNING: Unmatched cancel notification for request id 11
2026.03.23 13:57:00 INFO  no build target found for C:\Users\Korsb\OneDrive - Danmarks Tekniske Universitet\Desktop\DTU courses\4. semester\02161 - Software Engineering 1\Exam_project\src\main\java\com\example\App.java. Using fallback presentation compiler.
2026.03.23 13:57:24 INFO  no build target found for C:\Users\Korsb\OneDrive - Danmarks Tekniske Universitet\Desktop\DTU courses\4. semester\02161 - Software Engineering 1\Exam_project\src\main\java\com\example\App.java. Using fallback presentation compiler.
2026.03.23 13:57:25 INFO  no build target found for C:\Users\Korsb\OneDrive - Danmarks Tekniske Universitet\Desktop\DTU courses\4. semester\02161 - Software Engineering 1\Exam_project\src\main\java\com\example\App.java. Using fallback presentation compiler.
2026.03.23 14:01:57 INFO  no build target found for C:\Users\Korsb\OneDrive - Danmarks Tekniske Universitet\Desktop\DTU courses\4. semester\02161 - Software Engineering 1\Exam_project\src\main\java\com\example\App.java. Using fallback presentation compiler.
Mar 23, 2026 2:02:14 PM org.eclipse.lsp4j.jsonrpc.services.GenericEndpoint notify
INFO: Unsupported notification method: $/setTrace
2026.03.23 14:02:15 INFO  no build target found for C:\Users\Korsb\OneDrive - Danmarks Tekniske Universitet\Desktop\DTU courses\4. semester\02161 - Software Engineering 1\Exam_project\src\main\java\com\example\App.java. Using fallback presentation compiler.
2026.03.23 14:02:42 INFO  no build target found for C:\Users\Korsb\OneDrive - Danmarks Tekniske Universitet\Desktop\DTU courses\4. semester\02161 - Software Engineering 1\Exam_project\src\main\java\com\example\App.java. Using fallback presentation compiler.
2026.03.23 14:02:54 INFO  no build target found for C:\Users\Korsb\OneDrive - Danmarks Tekniske Universitet\Desktop\DTU courses\4. semester\02161 - Software Engineering 1\Exam_project\src\main\java\com\example\App.java. Using fallback presentation compiler.
2026.03.23 14:02:54 INFO  no build target found for C:\Users\Korsb\OneDrive - Danmarks Tekniske Universitet\Desktop\DTU courses\4. semester\02161 - Software Engineering 1\Exam_project\src\test\java\com\example\EmployeeTest.java. Using fallback presentation compiler.
2026.03.23 14:02:56 INFO  no build target found for C:\Users\Korsb\OneDrive - Danmarks Tekniske Universitet\Desktop\DTU courses\4. semester\02161 - Software Engineering 1\Exam_project\src\test\java\com\example\EmployeeTest.java. Using fallback presentation compiler.
2026.03.23 14:02:56 INFO  no build target found for C:\Users\Korsb\OneDrive - Danmarks Tekniske Universitet\Desktop\DTU courses\4. semester\02161 - Software Engineering 1\Exam_project\src\test\java\com\example\ProjectReportTest.java. Using fallback presentation compiler.
2026.03.23 14:02:56 INFO  no build target found for C:\Users\Korsb\OneDrive - Danmarks Tekniske Universitet\Desktop\DTU courses\4. semester\02161 - Software Engineering 1\Exam_project\src\test\java\com\example\ProjectReportTest.java. Using fallback presentation compiler.
2026.03.23 14:02:56 INFO  no build target found for C:\Users\Korsb\OneDrive - Danmarks Tekniske Universitet\Desktop\DTU courses\4. semester\02161 - Software Engineering 1\Exam_project\src\test\java\com\example\ProjectReportTest.java. Using fallback presentation compiler.
2026.03.23 14:02:58 INFO  no build target found for C:\Users\Korsb\OneDrive - Danmarks Tekniske Universitet\Desktop\DTU courses\4. semester\02161 - Software Engineering 1\Exam_project\src\test\java\com\example\ProjectReportTest.java. Using fallback presentation compiler.
2026.03.23 14:03:30 INFO  no build target found for C:\Users\Korsb\OneDrive - Danmarks Tekniske Universitet\Desktop\DTU courses\4. semester\02161 - Software Engineering 1\Exam_project\src\test\java\com\example\ProjectReportTest.java. Using fallback presentation compiler.
Mar 23, 2026 2:03:31 PM org.eclipse.lsp4j.jsonrpc.RemoteEndpoint handleCancellation
WARNING: Unmatched cancel notification for request id 39
2026.03.23 14:03:31 INFO  no build target found for C:\Users\Korsb\OneDrive - Danmarks Tekniske Universitet\Desktop\DTU courses\4. semester\02161 - Software Engineering 1\Exam_project\src\test\java\com\example\ProjectReportTest.java. Using fallback presentation compiler.
2026.03.23 14:03:33 INFO  no build target found for C:\Users\Korsb\OneDrive - Danmarks Tekniske Universitet\Desktop\DTU courses\4. semester\02161 - Software Engineering 1\Exam_project\src\test\java\com\example\ProjectReportTest.java. Using fallback presentation compiler.
2026.03.23 14:03:37 INFO  no build target found for C:\Users\Korsb\OneDrive - Danmarks Tekniske Universitet\Desktop\DTU courses\4. semester\02161 - Software Engineering 1\Exam_project\src\test\java\com\example\ProjectReportTest.java. Using fallback presentation compiler.
2026.03.23 14:03:37 INFO  no build target found for C:\Users\Korsb\OneDrive - Danmarks Tekniske Universitet\Desktop\DTU courses\4. semester\02161 - Software Engineering 1\Exam_project\src\test\java\com\example\EmployeeTest.java. Using fallback presentation compiler.
2026.03.23 14:03:43 INFO  no build target found for C:\Users\Korsb\OneDrive - Danmarks Tekniske Universitet\Desktop\DTU courses\4. semester\02161 - Software Engineering 1\Exam_project\src\test\java\com\example\EmployeeTest.java. Using fallback presentation compiler.
2026.03.23 14:03:43 INFO  no build target found for C:\Users\Korsb\OneDrive - Danmarks Tekniske Universitet\Desktop\DTU courses\4. semester\02161 - Software Engineering 1\Exam_project\src\test\java\com\example\RunCucumberTest.java. Using fallback presentation compiler.
Mar 23, 2026 2:03:43 PM org.eclipse.lsp4j.jsonrpc.RemoteEndpoint handleCancellation
WARNING: Unmatched cancel notification for request id 54
2026.03.23 14:03:43 INFO  no build target found for C:\Users\Korsb\OneDrive - Danmarks Tekniske Universitet\Desktop\DTU courses\4. semester\02161 - Software Engineering 1\Exam_project\src\test\java\com\example\RunCucumberTest.java. Using fallback presentation compiler.
2026.03.23 14:03:43 INFO  no build target found for C:\Users\Korsb\OneDrive - Danmarks Tekniske Universitet\Desktop\DTU courses\4. semester\02161 - Software Engineering 1\Exam_project\src\test\java\com\example\RunCucumberTest.java. Using fallback presentation compiler.
2026.03.23 14:03:44 INFO  no build target found for C:\Users\Korsb\OneDrive - Danmarks Tekniske Universitet\Desktop\DTU courses\4. semester\02161 - Software Engineering 1\Exam_project\src\test\java\com\example\RunCucumberTest.java. Using fallback presentation compiler.
2026.03.23 14:03:44 INFO  no build target found for C:\Users\Korsb\OneDrive - Danmarks Tekniske Universitet\Desktop\DTU courses\4. semester\02161 - Software Engineering 1\Exam_project\src\test\java\com\example\ProjectReportTest.java. Using fallback presentation compiler.
2026.03.23 14:03:44 INFO  no build target found for C:\Users\Korsb\OneDrive - Danmarks Tekniske Universitet\Desktop\DTU courses\4. semester\02161 - Software Engineering 1\Exam_project\src\test\java\com\example\ProjectReportTest.java. Using fallback presentation compiler.
2026.03.23 14:03:44 INFO  no build target found for C:\Users\Korsb\OneDrive - Danmarks Tekniske Universitet\Desktop\DTU courses\4. semester\02161 - Software Engineering 1\Exam_project\src\test\java\com\example\ProjectReportTest.java. Using fallback presentation compiler.
2026.03.23 14:03:44 INFO  no build target found for C:\Users\Korsb\OneDrive - Danmarks Tekniske Universitet\Desktop\DTU courses\4. semester\02161 - Software Engineering 1\Exam_project\src\test\java\com\example\ProjectReportTest.java. Using fallback presentation compiler.
2026.03.23 14:04:11 INFO  no build target found for C:\Users\Korsb\OneDrive - Danmarks Tekniske Universitet\Desktop\DTU courses\4. semester\02161 - Software Engineering 1\Exam_project\src\test\java\com\example\ProjectReportTest.java. Using fallback presentation compiler.
2026.03.23 14:04:11 INFO  no build target found for C:\Users\Korsb\OneDrive - Danmarks Tekniske Universitet\Desktop\DTU courses\4. semester\02161 - Software Engineering 1\Exam_project\src\test\java\com\example\ProjectReportTest.java. Using fallback presentation compiler.
2026.03.23 14:04:11 INFO  no build target found for C:\Users\Korsb\OneDrive - Danmarks Tekniske Universitet\Desktop\DTU courses\4. semester\02161 - Software Engineering 1\Exam_project\src\test\java\com\example\ProjectReportTest.java. Using fallback presentation compiler.
2026.03.23 14:04:12 WARN  Running javac-semanticdb failed for file:///C:/Users/Korsb/OneDrive%20-%20Danmarks%20Tekniske%20Universitet/Desktop/DTU%20courses/4.%20semester/02161%20-%20Software%20Engineering%201/Exam_project/src/test/java/com/example/ProjectReportTest.java. Output:

2026.03.23 14:04:12 INFO  no build target found for C:\Users\Korsb\OneDrive - Danmarks Tekniske Universitet\Desktop\DTU courses\4. semester\02161 - Software Engineering 1\Exam_project\src\test\java\com\example\ProjectReportTest.java. Using fallback presentation compiler.
2026.03.23 14:04:12 INFO  no build target found for C:\Users\Korsb\OneDrive - Danmarks Tekniske Universitet\Desktop\DTU courses\4. semester\02161 - Software Engineering 1\Exam_project\src\test\java\com\example\ProjectReportTest.java. Using fallback presentation compiler.
2026.03.23 14:04:28 INFO  no build target found for C:\Users\Korsb\OneDrive - Danmarks Tekniske Universitet\Desktop\DTU courses\4. semester\02161 - Software Engineering 1\Exam_project\src\test\java\com\example\ProjectReportTest.java. Using fallback presentation compiler.
2026.03.23 14:04:42 INFO  no build target found for C:\Users\Korsb\OneDrive - Danmarks Tekniske Universitet\Desktop\DTU courses\4. semester\02161 - Software Engineering 1\Exam_project\src\test\java\com\example\ProjectReportTest.java. Using fallback presentation compiler.
Mar 23, 2026 2:04:42 PM org.eclipse.lsp4j.jsonrpc.RemoteEndpoint handleCancellation
WARNING: Unmatched cancel notification for request id 78
2026.03.23 14:05:26 INFO  no build target found for C:\Users\Korsb\OneDrive - Danmarks Tekniske Universitet\Desktop\DTU courses\4. semester\02161 - Software Engineering 1\Exam_project\src\test\java\com\example\ProjectReportTest.java. Using fallback presentation compiler.
2026.03.23 14:05:26 INFO  no build target found for C:\Users\Korsb\OneDrive - Danmarks Tekniske Universitet\Desktop\DTU courses\4. semester\02161 - Software Engineering 1\Exam_project\src\test\java\com\example\ProjectReportTest.java. Using fallback presentation compiler.
2026.03.23 14:06:37 INFO  no build target found for C:\Users\Korsb\OneDrive - Danmarks Tekniske Universitet\Desktop\DTU courses\4. semester\02161 - Software Engineering 1\Exam_project\src\test\java\com\example\ProjectReportTest.java. Using fallback presentation compiler.
2026.03.23 14:06:37 INFO  no build target found for C:\Users\Korsb\OneDrive - Danmarks Tekniske Universitet\Desktop\DTU courses\4. semester\02161 - Software Engineering 1\Exam_project\src\test\java\com\example\ProjectReportTest.java. Using fallback presentation compiler.
2026.03.23 14:06:37 INFO  no build target found for C:\Users\Korsb\OneDrive - Danmarks Tekniske Universitet\Desktop\DTU courses\4. semester\02161 - Software Engineering 1\Exam_project\src\test\java\com\example\ProjectReportTest.java. Using fallback presentation compiler.
2026.03.23 14:06:37 INFO  no build target found for C:\Users\Korsb\OneDrive - Danmarks Tekniske Universitet\Desktop\DTU courses\4. semester\02161 - Software Engineering 1\Exam_project\src\test\java\com\example\ProjectReportTest.java. Using fallback presentation compiler.
2026.03.23 14:06:39 WARN  no build target for: C:\Users\Korsb\OneDrive - Danmarks Tekniske Universitet\Desktop\DTU courses\4. semester\02161 - Software Engineering 1\Exam_project\src\test\java\com\example\ProjectReportTest.java
2026.03.23 14:06:39 INFO  no build target found for C:\Users\Korsb\OneDrive - Danmarks Tekniske Universitet\Desktop\DTU courses\4. semester\02161 - Software Engineering 1\Exam_project\src\test\java\com\example\ProjectReportTest.java. Using fallback presentation compiler.
2026.03.23 14:06:39 INFO  no build target found for C:\Users\Korsb\OneDrive - Danmarks Tekniske Universitet\Desktop\DTU courses\4. semester\02161 - Software Engineering 1\Exam_project\src\test\java\com\example\ProjectReportTest.java. Using fallback presentation compiler.
2026.03.23 14:06:39 INFO  no build target found for C:\Users\Korsb\OneDrive - Danmarks Tekniske Universitet\Desktop\DTU courses\4. semester\02161 - Software Engineering 1\Exam_project\src\test\java\com\example\ProjectReportTest.java. Using fallback presentation compiler.
2026.03.23 14:06:39 INFO  no build target found for C:\Users\Korsb\OneDrive - Danmarks Tekniske Universitet\Desktop\DTU courses\4. semester\02161 - Software Engineering 1\Exam_project\src\test\java\com\example\ProjectReportTest.java. Using fallback presentation compiler.
2026.03.23 14:07:17 INFO  no build target found for C:\Users\Korsb\OneDrive - Danmarks Tekniske Universitet\Desktop\DTU courses\4. semester\02161 - Software Engineering 1\Exam_project\src\test\java\com\example\ProjectReportTest.java. Using fallback presentation compiler.
2026.03.23 14:08:54 INFO  no build target found for C:\Users\Korsb\OneDrive - Danmarks Tekniske Universitet\Desktop\DTU courses\4. semester\02161 - Software Engineering 1\Exam_project\src\test\java\com\example\ProjectReportTest.java. Using fallback presentation compiler.
2026.03.23 14:09:39 INFO  no build target found for C:\Users\Korsb\OneDrive - Danmarks Tekniske Universitet\Desktop\DTU courses\4. semester\02161 - Software Engineering 1\Exam_project\src\test\java\com\example\ProjectReportTest.java. Using fallback presentation compiler.
2026.03.23 14:09:39 INFO  no build target found for C:\Users\Korsb\OneDrive - Danmarks Tekniske Universitet\Desktop\DTU courses\4. semester\02161 - Software Engineering 1\Exam_project\src\main\java\com\example\Employee.java. Using fallback presentation compiler.
2026.03.23 14:10:12 INFO  no build target found for C:\Users\Korsb\OneDrive - Danmarks Tekniske Universitet\Desktop\DTU courses\4. semester\02161 - Software Engineering 1\Exam_project\src\main\java\com\example\Employee.java. Using fallback presentation compiler.
2026.03.23 14:10:43 INFO  no build target found for C:\Users\Korsb\OneDrive - Danmarks Tekniske Universitet\Desktop\DTU courses\4. semester\02161 - Software Engineering 1\Exam_project\src\main\java\com\example\Contribution.java. Using fallback presentation compiler.
2026.03.23 14:10:43 WARN  no build target for: C:\Users\Korsb\OneDrive - Danmarks Tekniske Universitet\Desktop\DTU courses\4. semester\02161 - Software Engineering 1\Exam_project\src\main\java\com\example\Contribution.java
2026.03.23 14:10:43 INFO  no build target found for C:\Users\Korsb\OneDrive - Danmarks Tekniske Universitet\Desktop\DTU courses\4. semester\02161 - Software Engineering 1\Exam_project\src\main\java\com\example\Employee.java. Using fallback presentation compiler.
2026.03.23 14:10:43 WARN  Running javac-semanticdb failed for file:///C:/Users/Korsb/OneDrive%20-%20Danmarks%20Tekniske%20Universitet/Desktop/DTU%20courses/4.%20semester/02161%20-%20Software%20Engineering%201/Exam_project/src/main/java/com/example/Contribution.java. Output:

2026.03.23 14:10:43 INFO  no build target found for C:\Users\Korsb\OneDrive - Danmarks Tekniske Universitet\Desktop\DTU courses\4. semester\02161 - Software Engineering 1\Exam_project\src\main\java\com\example\Employee.java. Using fallback presentation compiler.
2026.03.23 14:10:43 INFO  no build target found for C:\Users\Korsb\OneDrive - Danmarks Tekniske Universitet\Desktop\DTU courses\4. semester\02161 - Software Engineering 1\Exam_project\src\main\java\com\example\Contribution.java. Using fallback presentation compiler.
2026.03.23 14:10:45 INFO  no build target found for C:\Users\Korsb\OneDrive - Danmarks Tekniske Universitet\Desktop\DTU courses\4. semester\02161 - Software Engineering 1\Exam_project\src\main\java\com\example\Contribution.java. Using fallback presentation compiler.
2026.03.23 14:11:09 INFO  no build target found for C:\Users\Korsb\OneDrive - Danmarks Tekniske Universitet\Desktop\DTU courses\4. semester\02161 - Software Engineering 1\Exam_project\src\main\java\com\example\Employee.java. Using fallback presentation compiler.
2026.03.23 14:11:11 INFO  no build target found for C:\Users\Korsb\OneDrive - Danmarks Tekniske Universitet\Desktop\DTU courses\4. semester\02161 - Software Engineering 1\Exam_project\src\main\java\com\example\Employee.java. Using fallback presentation compiler.
2026.03.23 14:11:11 INFO  no build target found for C:\Users\Korsb\OneDrive - Danmarks Tekniske Universitet\Desktop\DTU courses\4. semester\02161 - Software Engineering 1\Exam_project\src\main\java\com\example\Project.java. Using fallback presentation compiler.
2026.03.23 14:11:12 INFO  no build target found for C:\Users\Korsb\OneDrive - Danmarks Tekniske Universitet\Desktop\DTU courses\4. semester\02161 - Software Engineering 1\Exam_project\src\main\java\com\example\Project.java. Using fallback presentation compiler.
2026.03.23 14:11:13 INFO  no build target found for C:\Users\Korsb\OneDrive - Danmarks Tekniske Universitet\Desktop\DTU courses\4. semester\02161 - Software Engineering 1\Exam_project\src\main\java\com\example\Employee.java. Using fallback presentation compiler.
Mar 23, 2026 2:11:13 PM org.eclipse.lsp4j.jsonrpc.RemoteEndpoint handleCancellation
WARNING: Unmatched cancel notification for request id 128
2026.03.23 14:11:12 INFO  no build target found for C:\Users\Korsb\OneDrive - Danmarks Tekniske Universitet\Desktop\DTU courses\4. semester\02161 - Software Engineering 1\Exam_project\src\main\java\com\example\Employee.java. Using fallback presentation compiler.
2026.03.23 14:11:12 INFO  no build target found for C:\Users\Korsb\OneDrive - Danmarks Tekniske Universitet\Desktop\DTU courses\4. semester\02161 - Software Engineering 1\Exam_project\src\main\java\com\example\Contribution.java. Using fallback presentation compiler.
2026.03.23 14:11:13 WARN  no build target for: C:\Users\Korsb\OneDrive - Danmarks Tekniske Universitet\Desktop\DTU courses\4. semester\02161 - Software Engineering 1\Exam_project\src\main\java\com\example\Contribution.java
2026.03.23 14:11:13 INFO  no build target found for C:\Users\Korsb\OneDrive - Danmarks Tekniske Universitet\Desktop\DTU courses\4. semester\02161 - Software Engineering 1\Exam_project\src\main\java\com\example\Contribution.java. Using fallback presentation compiler.
2026.03.23 14:11:13 INFO  no build target found for C:\Users\Korsb\OneDrive - Danmarks Tekniske Universitet\Desktop\DTU courses\4. semester\02161 - Software Engineering 1\Exam_project\src\main\java\com\example\Contribution.java. Using fallback presentation compiler.
2026.03.23 14:11:17 INFO  no build target found for C:\Users\Korsb\OneDrive - Danmarks Tekniske Universitet\Desktop\DTU courses\4. semester\02161 - Software Engineering 1\Exam_project\src\main\java\com\example\Contribution.java. Using fallback presentation compiler.
2026.03.23 14:11:17 INFO  no build target found for C:\Users\Korsb\OneDrive - Danmarks Tekniske Universitet\Desktop\DTU courses\4. semester\02161 - Software Engineering 1\Exam_project\src\main\java\com\example\Contribution.java. Using fallback presentation compiler.
2026.03.23 14:11:18 INFO  no build target found for C:\Users\Korsb\OneDrive - Danmarks Tekniske Universitet\Desktop\DTU courses\4. semester\02161 - Software Engineering 1\Exam_project\src\main\java\com\example\Contribution.java. Using fallback presentation compiler.
2026.03.23 14:11:17 INFO  no build target found for C:\Users\Korsb\OneDrive - Danmarks Tekniske Universitet\Desktop\DTU courses\4. semester\02161 - Software Engineering 1\Exam_project\src\main\java\com\example\Contribution.java. Using fallback presentation compiler.
2026.03.23 14:11:19 INFO  no build target found for C:\Users\Korsb\OneDrive - Danmarks Tekniske Universitet\Desktop\DTU courses\4. semester\02161 - Software Engineering 1\Exam_project\src\main\java\com\example\Contribution.java. Using fallback presentation compiler.
2026.03.23 14:11:20 WARN  no build target for: C:\Users\Korsb\OneDrive - Danmarks Tekniske Universitet\Desktop\DTU courses\4. semester\02161 - Software Engineering 1\Exam_project\src\main\java\com\example\Contribution.java
2026.03.23 14:11:20 INFO  no build target found for C:\Users\Korsb\OneDrive - Danmarks Tekniske Universitet\Desktop\DTU courses\4. semester\02161 - Software Engineering 1\Exam_project\src\main\java\com\example\Contribution.java. Using fallback presentation compiler.
2026.03.23 14:11:20 INFO  no build target found for C:\Users\Korsb\OneDrive - Danmarks Tekniske Universitet\Desktop\DTU courses\4. semester\02161 - Software Engineering 1\Exam_project\src\main\java\com\example\Contribution.java. Using fallback presentation compiler.
2026.03.23 14:11:20 INFO  no build target found for C:\Users\Korsb\OneDrive - Danmarks Tekniske Universitet\Desktop\DTU courses\4. semester\02161 - Software Engineering 1\Exam_project\src\main\java\com\example\Contribution.java. Using fallback presentation compiler.
Mar 23, 2026 2:11:20 PM org.eclipse.lsp4j.jsonrpc.RemoteEndpoint handleCancellation
WARNING: Unmatched cancel notification for request id 149
2026.03.23 14:11:20 INFO  no build target found for C:\Users\Korsb\OneDrive - Danmarks Tekniske Universitet\Desktop\DTU courses\4. semester\02161 - Software Engineering 1\Exam_project\src\main\java\com\example\Contribution.java. Using fallback presentation compiler.
2026.03.23 14:11:20 INFO  no build target found for C:\Users\Korsb\OneDrive - Danmarks Tekniske Universitet\Desktop\DTU courses\4. semester\02161 - Software Engineering 1\Exam_project\src\main\java\com\example\Contribution.java. Using fallback presentation compiler.
2026.03.23 14:11:22 WARN  no build target for: C:\Users\Korsb\OneDrive - Danmarks Tekniske Universitet\Desktop\DTU courses\4. semester\02161 - Software Engineering 1\Exam_project\src\main\java\com\example\Contribution.java
2026.03.23 14:11:22 INFO  no build target found for C:\Users\Korsb\OneDrive - Danmarks Tekniske Universitet\Desktop\DTU courses\4. semester\02161 - Software Engineering 1\Exam_project\src\main\java\com\example\Contribution.java. Using fallback presentation compiler.
2026.03.23 14:11:22 WARN  Running javac-semanticdb failed for file:///C:/Users/Korsb/OneDrive%20-%20Danmarks%20Tekniske%20Universitet/Desktop/DTU%20courses/4.%20semester/02161%20-%20Software%20Engineering%201/Exam_project/src/main/java/com/example/Contribution.java. Output:

2026.03.23 14:11:23 INFO  no build target found for C:\Users\Korsb\OneDrive - Danmarks Tekniske Universitet\Desktop\DTU courses\4. semester\02161 - Software Engineering 1\Exam_project\src\main\java\com\example\Contribution.java. Using fallback presentation compiler.
2026.03.23 14:12:34 INFO  no build target found for C:\Users\Korsb\OneDrive - Danmarks Tekniske Universitet\Desktop\DTU courses\4. semester\02161 - Software Engineering 1\Exam_project\src\main\java\com\example\Contribution.java. Using fallback presentation compiler.
2026.03.23 14:12:35 INFO  no build target found for C:\Users\Korsb\OneDrive - Danmarks Tekniske Universitet\Desktop\DTU courses\4. semester\02161 - Software Engineering 1\Exam_project\src\main\java\com\example\Contribution.java. Using fallback presentation compiler.
2026.03.23 14:13:09 INFO  no build target found for C:\Users\Korsb\OneDrive - Danmarks Tekniske Universitet\Desktop\DTU courses\4. semester\02161 - Software Engineering 1\Exam_project\src\main\java\com\example\Project.java. Using fallback presentation compiler.
2026.03.23 14:13:09 INFO  no build target found for C:\Users\Korsb\OneDrive - Danmarks Tekniske Universitet\Desktop\DTU courses\4. semester\02161 - Software Engineering 1\Exam_project\src\main\java\com\example\Employee.java. Using fallback presentation compiler.
2026.03.23 14:13:10 INFO  no build target found for C:\Users\Korsb\OneDrive - Danmarks Tekniske Universitet\Desktop\DTU courses\4. semester\02161 - Software Engineering 1\Exam_project\src\main\java\com\example\Contribution.java. Using fallback presentation compiler.
2026.03.23 14:13:20 INFO  no build target found for C:\Users\Korsb\OneDrive - Danmarks Tekniske Universitet\Desktop\DTU courses\4. semester\02161 - Software Engineering 1\Exam_project\src\main\java\com\example\Project.java. Using fallback presentation compiler.
2026.03.23 14:13:20 WARN  no build target for: C:\Users\Korsb\OneDrive - Danmarks Tekniske Universitet\Desktop\DTU courses\4. semester\02161 - Software Engineering 1\Exam_project\src\main\java\com\example\Project.java
2026.03.23 14:13:20 INFO  no build target found for C:\Users\Korsb\OneDrive - Danmarks Tekniske Universitet\Desktop\DTU courses\4. semester\02161 - Software Engineering 1\Exam_project\src\main\java\com\example\Project.java. Using fallback presentation compiler.
2026.03.23 14:13:20 INFO  no build target found for C:\Users\Korsb\OneDrive - Danmarks Tekniske Universitet\Desktop\DTU courses\4. semester\02161 - Software Engineering 1\Exam_project\src\main\java\com\example\Project.java. Using fallback presentation compiler.
2026.03.23 14:13:20 INFO  no build target found for C:\Users\Korsb\OneDrive - Danmarks Tekniske Universitet\Desktop\DTU courses\4. semester\02161 - Software Engineering 1\Exam_project\src\main\java\com\example\Project.java. Using fallback presentation compiler.
2026.03.23 14:13:29 INFO  no build target found for C:\Users\Korsb\OneDrive - Danmarks Tekniske Universitet\Desktop\DTU courses\4. semester\02161 - Software Engineering 1\Exam_project\src\main\java\com\example\Project.java. Using fallback presentation compiler.
2026.03.23 14:13:29 INFO  no build target found for C:\Users\Korsb\OneDrive - Danmarks Tekniske Universitet\Desktop\DTU courses\4. semester\02161 - Software Engineering 1\Exam_project\src\main\java\com\example\Project.java. Using fallback presentation compiler.
2026.03.23 14:13:38 INFO  no build target found for C:\Users\Korsb\OneDrive - Danmarks Tekniske Universitet\Desktop\DTU courses\4. semester\02161 - Software Engineering 1\Exam_project\src\main\java\com\example\Project.java. Using fallback presentation compiler.
2026.03.23 14:14:25 INFO  no build target found for C:\Users\Korsb\OneDrive - Danmarks Tekniske Universitet\Desktop\DTU courses\4. semester\02161 - Software Engineering 1\Exam_project\src\main\java\com\example\Employee.java. Using fallback presentation compiler.
2026.03.23 14:14:37 INFO  no build target found for C:\Users\Korsb\OneDrive - Danmarks Tekniske Universitet\Desktop\DTU courses\4. semester\02161 - Software Engineering 1\Exam_project\src\main\java\com\example\Contribution.java. Using fallback presentation compiler.
2026.03.23 14:14:37 WARN  no build target for: C:\Users\Korsb\OneDrive - Danmarks Tekniske Universitet\Desktop\DTU courses\4. semester\02161 - Software Engineering 1\Exam_project\src\main\java\com\example\Contribution.java
2026.03.23 14:14:37 INFO  no build target found for C:\Users\Korsb\OneDrive - Danmarks Tekniske Universitet\Desktop\DTU courses\4. semester\02161 - Software Engineering 1\Exam_project\src\main\java\com\example\Contribution.java. Using fallback presentation compiler.
2026.03.23 14:14:37 INFO  no build target found for C:\Users\Korsb\OneDrive - Danmarks Tekniske Universitet\Desktop\DTU courses\4. semester\02161 - Software Engineering 1\Exam_project\src\main\java\com\example\Contribution.java. Using fallback presentation compiler.
2026.03.23 14:14:37 INFO  no build target found for C:\Users\Korsb\OneDrive - Danmarks Tekniske Universitet\Desktop\DTU courses\4. semester\02161 - Software Engineering 1\Exam_project\src\main\java\com\example\Contribution.java. Using fallback presentation compiler.
2026.03.23 14:15:06 INFO  no build target found for C:\Users\Korsb\OneDrive - Danmarks Tekniske Universitet\Desktop\DTU courses\4. semester\02161 - Software Engineering 1\Exam_project\src\main\java\com\example\Contribution.java. Using fallback presentation compiler.
2026.03.23 14:15:17 INFO  no build target found for C:\Users\Korsb\OneDrive - Danmarks Tekniske Universitet\Desktop\DTU courses\4. semester\02161 - Software Engineering 1\Exam_project\src\main\java\com\example\Contribution.java. Using fallback presentation compiler.
2026.03.23 14:15:17 WARN  no build target for: C:\Users\Korsb\OneDrive - Danmarks Tekniske Universitet\Desktop\DTU courses\4. semester\02161 - Software Engineering 1\Exam_project\src\main\java\com\example\Contribution.java
2026.03.23 14:15:17 INFO  no build target found for C:\Users\Korsb\OneDrive - Danmarks Tekniske Universitet\Desktop\DTU courses\4. semester\02161 - Software Engineering 1\Exam_project\src\main\java\com\example\Contribution.java. Using fallback presentation compiler.
2026.03.23 14:15:17 INFO  no build target found for C:\Users\Korsb\OneDrive - Danmarks Tekniske Universitet\Desktop\DTU courses\4. semester\02161 - Software Engineering 1\Exam_project\src\main\java\com\example\Contribution.java. Using fallback presentation compiler.
2026.03.23 14:15:17 INFO  no build target found for C:\Users\Korsb\OneDrive - Danmarks Tekniske Universitet\Desktop\DTU courses\4. semester\02161 - Software Engineering 1\Exam_project\src\main\java\com\example\Contribution.java. Using fallback presentation compiler.
2026.03.23 14:15:18 INFO  no build target found for C:\Users\Korsb\OneDrive - Danmarks Tekniske Universitet\Desktop\DTU courses\4. semester\02161 - Software Engineering 1\Exam_project\src\main\java\com\example\Contribution.java. Using fallback presentation compiler.
2026.03.23 14:15:20 INFO  no build target found for C:\Users\Korsb\OneDrive - Danmarks Tekniske Universitet\Desktop\DTU courses\4. semester\02161 - Software Engineering 1\Exam_project\src\main\java\com\example\Contribution.java. Using fallback presentation compiler.
2026.03.23 14:15:20 INFO  no build target found for C:\Users\Korsb\OneDrive - Danmarks Tekniske Universitet\Desktop\DTU courses\4. semester\02161 - Software Engineering 1\Exam_project\src\main\java\com\example\Contribution.java. Using fallback presentation compiler.
2026.03.23 14:15:20 INFO  no build target found for C:\Users\Korsb\OneDrive - Danmarks Tekniske Universitet\Desktop\DTU courses\4. semester\02161 - Software Engineering 1\Exam_project\src\main\java\com\example\Contribution.java. Using fallback presentation compiler.
2026.03.23 14:15:20 INFO  no build target found for C:\Users\Korsb\OneDrive - Danmarks Tekniske Universitet\Desktop\DTU courses\4. semester\02161 - Software Engineering 1\Exam_project\src\main\java\com\example\Contribution.java. Using fallback presentation compiler.
2026.03.23 14:15:20 INFO  no build target found for C:\Users\Korsb\OneDrive - Danmarks Tekniske Universitet\Desktop\DTU courses\4. semester\02161 - Software Engineering 1\Exam_project\src\main\java\com\example\Contribution.java. Using fallback presentation compiler.
2026.03.23 14:15:20 WARN  no build target for: C:\Users\Korsb\OneDrive - Danmarks Tekniske Universitet\Desktop\DTU courses\4. semester\02161 - Software Engineering 1\Exam_project\src\main\java\com\example\Contribution.java
2026.03.23 14:15:20 INFO  no build target found for C:\Users\Korsb\OneDrive - Danmarks Tekniske Universitet\Desktop\DTU courses\4. semester\02161 - Software Engineering 1\Exam_project\src\main\java\com\example\Contribution.java. Using fallback presentation compiler.
2026.03.23 14:15:20 WARN  Running javac-semanticdb failed for file:///C:/Users/Korsb/OneDrive%20-%20Danmarks%20Tekniske%20Universitet/Desktop/DTU%20courses/4.%20semester/02161%20-%20Software%20Engineering%201/Exam_project/src/main/java/com/example/Contribution.java. Output:

2026.03.23 14:15:21 INFO  no build target found for C:\Users\Korsb\OneDrive - Danmarks Tekniske Universitet\Desktop\DTU courses\4. semester\02161 - Software Engineering 1\Exam_project\src\main\java\com\example\Contribution.java. Using fallback presentation compiler.
2026.03.23 14:15:21 INFO  no build target found for C:\Users\Korsb\OneDrive - Danmarks Tekniske Universitet\Desktop\DTU courses\4. semester\02161 - Software Engineering 1\Exam_project\src\main\java\com\example\Contribution.java. Using fallback presentation compiler.
2026.03.23 14:15:21 INFO  no build target found for C:\Users\Korsb\OneDrive - Danmarks Tekniske Universitet\Desktop\DTU courses\4. semester\02161 - Software Engineering 1\Exam_project\src\main\java\com\example\Contribution.java. Using fallback presentation compiler.
2026.03.23 14:15:23 INFO  no build target found for C:\Users\Korsb\OneDrive - Danmarks Tekniske Universitet\Desktop\DTU courses\4. semester\02161 - Software Engineering 1\Exam_project\src\main\java\com\example\Contribution.java. Using fallback presentation compiler.
2026.03.23 14:16:10 WARN  no build target for: C:\Users\Korsb\OneDrive - Danmarks Tekniske Universitet\Desktop\DTU courses\4. semester\02161 - Software Engineering 1\Exam_project\src\main\java\com\example\Contribution.java
2026.03.23 14:16:10 INFO  no build target found for C:\Users\Korsb\OneDrive - Danmarks Tekniske Universitet\Desktop\DTU courses\4. semester\02161 - Software Engineering 1\Exam_project\src\main\java\com\example\Contribution.java. Using fallback presentation compiler.
2026.03.23 14:16:11 WARN  no build target for: C:\Users\Korsb\OneDrive - Danmarks Tekniske Universitet\Desktop\DTU courses\4. semester\02161 - Software Engineering 1\Exam_project\src\main\java\com\example\Contribution.java
2026.03.23 14:16:11 INFO  no build target found for C:\Users\Korsb\OneDrive - Danmarks Tekniske Universitet\Desktop\DTU courses\4. semester\02161 - Software Engineering 1\Exam_project\src\main\java\com\example\Contribution.java. Using fallback presentation compiler.
2026.03.23 14:17:48 INFO  no build target found for C:\Users\Korsb\OneDrive - Danmarks Tekniske Universitet\Desktop\DTU courses\4. semester\02161 - Software Engineering 1\Exam_project\src\main\java\com\example\Employee.java. Using fallback presentation compiler.
2026.03.23 14:18:12 INFO  no build target found for C:\Users\Korsb\OneDrive - Danmarks Tekniske Universitet\Desktop\DTU courses\4. semester\02161 - Software Engineering 1\Exam_project\src\main\java\com\example\Contribution.java. Using fallback presentation compiler.
2026.03.23 14:18:12 INFO  no build target found for C:\Users\Korsb\OneDrive - Danmarks Tekniske Universitet\Desktop\DTU courses\4. semester\02161 - Software Engineering 1\Exam_project\src\main\java\com\example\Contribution.java. Using fallback presentation compiler.
2026.03.23 14:18:50 WARN  no build target for: C:\Users\Korsb\OneDrive - Danmarks Tekniske Universitet\Desktop\DTU courses\4. semester\02161 - Software Engineering 1\Exam_project\src\main\java\com\example\Contribution.java
2026.03.23 14:18:50 INFO  no build target found for C:\Users\Korsb\OneDrive - Danmarks Tekniske Universitet\Desktop\DTU courses\4. semester\02161 - Software Engineering 1\Exam_project\src\main\java\com\example\Contribution.java. Using fallback presentation compiler.
2026.03.23 14:18:50 INFO  no build target found for C:\Users\Korsb\OneDrive - Danmarks Tekniske Universitet\Desktop\DTU courses\4. semester\02161 - Software Engineering 1\Exam_project\src\main\java\com\example\Contribution.java. Using fallback presentation compiler.
2026.03.23 14:18:50 INFO  no build target found for C:\Users\Korsb\OneDrive - Danmarks Tekniske Universitet\Desktop\DTU courses\4. semester\02161 - Software Engineering 1\Exam_project\src\main\java\com\example\Contribution.java. Using fallback presentation compiler.
2026.03.23 14:18:52 WARN  no build target for: C:\Users\Korsb\OneDrive - Danmarks Tekniske Universitet\Desktop\DTU courses\4. semester\02161 - Software Engineering 1\Exam_project\src\main\java\com\example\Contribution.java
2026.03.23 14:18:52 INFO  no build target found for C:\Users\Korsb\OneDrive - Danmarks Tekniske Universitet\Desktop\DTU courses\4. semester\02161 - Software Engineering 1\Exam_project\src\main\java\com\example\Contribution.java. Using fallback presentation compiler.
2026.03.23 14:18:52 WARN  Running javac-semanticdb failed for file:///C:/Users/Korsb/OneDrive%20-%20Danmarks%20Tekniske%20Universitet/Desktop/DTU%20courses/4.%20semester/02161%20-%20Software%20Engineering%201/Exam_project/src/main/java/com/example/Contribution.java. Output:

2026.03.23 14:19:00 INFO  no build target found for C:\Users\Korsb\OneDrive - Danmarks Tekniske Universitet\Desktop\DTU courses\4. semester\02161 - Software Engineering 1\Exam_project\src\main\java\com\example\Project.java. Using fallback presentation compiler.
2026.03.23 14:19:00 INFO  no build target found for C:\Users\Korsb\OneDrive - Danmarks Tekniske Universitet\Desktop\DTU courses\4. semester\02161 - Software Engineering 1\Exam_project\src\main\java\com\example\Employee.java. Using fallback presentation compiler.
2026.03.23 14:19:00 INFO  no build target found for C:\Users\Korsb\OneDrive - Danmarks Tekniske Universitet\Desktop\DTU courses\4. semester\02161 - Software Engineering 1\Exam_project\src\main\java\com\example\Employee.java. Using fallback presentation compiler.
2026.03.23 14:19:00 INFO  no build target found for C:\Users\Korsb\OneDrive - Danmarks Tekniske Universitet\Desktop\DTU courses\4. semester\02161 - Software Engineering 1\Exam_project\src\main\java\com\example\Employee.java. Using fallback presentation compiler.
2026.03.23 14:19:00 INFO  no build target found for C:\Users\Korsb\OneDrive - Danmarks Tekniske Universitet\Desktop\DTU courses\4. semester\02161 - Software Engineering 1\Exam_project\src\main\java\com\example\Employee.java. Using fallback presentation compiler.
2026.03.23 14:42:37 INFO  no build target found for C:\Users\Korsb\OneDrive - Danmarks Tekniske Universitet\Desktop\DTU courses\4. semester\02161 - Software Engineering 1\Exam_project\src\main\java\com\example\Contribution.java. Using fallback presentation compiler.
2026.03.23 14:42:37 WARN  no build target for: C:\Users\Korsb\OneDrive - Danmarks Tekniske Universitet\Desktop\DTU courses\4. semester\02161 - Software Engineering 1\Exam_project\src\main\java\com\example\Contribution.java
2026.03.23 14:42:37 INFO  no build target found for C:\Users\Korsb\OneDrive - Danmarks Tekniske Universitet\Desktop\DTU courses\4. semester\02161 - Software Engineering 1\Exam_project\src\main\java\com\example\Contribution.java. Using fallback presentation compiler.
2026.03.23 14:42:37 INFO  no build target found for C:\Users\Korsb\OneDrive - Danmarks Tekniske Universitet\Desktop\DTU courses\4. semester\02161 - Software Engineering 1\Exam_project\src\main\java\com\example\Contribution.java. Using fallback presentation compiler.
2026.03.23 14:42:37 INFO  no build target found for C:\Users\Korsb\OneDrive - Danmarks Tekniske Universitet\Desktop\DTU courses\4. semester\02161 - Software Engineering 1\Exam_project\src\main\java\com\example\Contribution.java. Using fallback presentation compiler.
2026.03.23 14:42:37 INFO  no build target found for C:\Users\Korsb\OneDrive - Danmarks Tekniske Universitet\Desktop\DTU courses\4. semester\02161 - Software Engineering 1\Exam_project\src\main\java\com\example\Contribution.java. Using fallback presentation compiler.
2026.03.23 14:45:34 INFO  no build target found for C:\Users\Korsb\OneDrive - Danmarks Tekniske Universitet\Desktop\DTU courses\4. semester\02161 - Software Engineering 1\Exam_project\src\main\java\com\example\Contribution.java. Using fallback presentation compiler.
2026.03.23 14:48:00 WARN  no build target for: C:\Users\Korsb\OneDrive - Danmarks Tekniske Universitet\Desktop\DTU courses\4. semester\02161 - Software Engineering 1\Exam_project\src\main\java\com\example\Contribution.java
2026.03.23 14:48:00 INFO  no build target found for C:\Users\Korsb\OneDrive - Danmarks Tekniske Universitet\Desktop\DTU courses\4. semester\02161 - Software Engineering 1\Exam_project\src\main\java\com\example\Contribution.java. Using fallback presentation compiler.
2026.03.23 14:48:00 INFO  no build target found for C:\Users\Korsb\OneDrive - Danmarks Tekniske Universitet\Desktop\DTU courses\4. semester\02161 - Software Engineering 1\Exam_project\src\main\java\com\example\Contribution.java. Using fallback presentation compiler.
2026.03.23 14:48:00 INFO  no build target found for C:\Users\Korsb\OneDrive - Danmarks Tekniske Universitet\Desktop\DTU courses\4. semester\02161 - Software Engineering 1\Exam_project\src\main\java\com\example\Contribution.java. Using fallback presentation compiler.
2026.03.23 14:48:02 WARN  no build target for: C:\Users\Korsb\OneDrive - Danmarks Tekniske Universitet\Desktop\DTU courses\4. semester\02161 - Software Engineering 1\Exam_project\src\main\java\com\example\Contribution.java
2026.03.23 14:48:02 INFO  no build target found for C:\Users\Korsb\OneDrive - Danmarks Tekniske Universitet\Desktop\DTU courses\4. semester\02161 - Software Engineering 1\Exam_project\src\main\java\com\example\Contribution.java. Using fallback presentation compiler.
2026.03.23 14:51:14 INFO  no build target found for C:\Users\Korsb\OneDrive - Danmarks Tekniske Universitet\Desktop\DTU courses\4. semester\02161 - Software Engineering 1\Exam_project\src\main\java\com\example\Contribution.java. Using fallback presentation compiler.
2026.03.23 14:52:24 INFO  no build target found for C:\Users\Korsb\OneDrive - Danmarks Tekniske Universitet\Desktop\DTU courses\4. semester\02161 - Software Engineering 1\Exam_project\src\main\java\com\example\Contribution.java. Using fallback presentation compiler.
2026.03.23 14:52:24 INFO  no build target found for C:\Users\Korsb\OneDrive - Danmarks Tekniske Universitet\Desktop\DTU courses\4. semester\02161 - Software Engineering 1\Exam_project\src\main\java\com\example\Contribution.java. Using fallback presentation compiler.
2026.03.23 14:52:38 WARN  no build target for: C:\Users\Korsb\OneDrive - Danmarks Tekniske Universitet\Desktop\DTU courses\4. semester\02161 - Software Engineering 1\Exam_project\src\main\java\com\example\Contribution.java
2026.03.23 14:52:38 INFO  no build target found for C:\Users\Korsb\OneDrive - Danmarks Tekniske Universitet\Desktop\DTU courses\4. semester\02161 - Software Engineering 1\Exam_project\src\main\java\com\example\Contribution.java. Using fallback presentation compiler.
2026.03.23 14:52:45 WARN  no build target for: C:\Users\Korsb\OneDrive - Danmarks Tekniske Universitet\Desktop\DTU courses\4. semester\02161 - Software Engineering 1\Exam_project\src\main\java\com\example\Contribution.java
2026.03.23 14:52:45 INFO  no build target found for C:\Users\Korsb\OneDrive - Danmarks Tekniske Universitet\Desktop\DTU courses\4. semester\02161 - Software Engineering 1\Exam_project\src\main\java\com\example\Contribution.java. Using fallback presentation compiler.
2026.03.23 14:52:45 WARN  Running javac-semanticdb failed for file:///C:/Users/Korsb/OneDrive%20-%20Danmarks%20Tekniske%20Universitet/Desktop/DTU%20courses/4.%20semester/02161%20-%20Software%20Engineering%201/Exam_project/src/main/java/com/example/Contribution.java. Output:

2026.03.23 14:53:05 INFO  no build target found for C:\Users\Korsb\OneDrive - Danmarks Tekniske Universitet\Desktop\DTU courses\4. semester\02161 - Software Engineering 1\Exam_project\src\main\java\com\example\Contribution.java. Using fallback presentation compiler.
2026.03.23 14:53:17 INFO  no build target found for C:\Users\Korsb\OneDrive - Danmarks Tekniske Universitet\Desktop\DTU courses\4. semester\02161 - Software Engineering 1\Exam_project\src\main\java\com\example\Contribution.java. Using fallback presentation compiler.
2026.03.23 14:53:17 INFO  no build target found for C:\Users\Korsb\OneDrive - Danmarks Tekniske Universitet\Desktop\DTU courses\4. semester\02161 - Software Engineering 1\Exam_project\src\main\java\com\example\Contribution.java. Using fallback presentation compiler.
2026.03.23 14:53:18 INFO  no build target found for C:\Users\Korsb\OneDrive - Danmarks Tekniske Universitet\Desktop\DTU courses\4. semester\02161 - Software Engineering 1\Exam_project\src\main\java\com\example\Contribution.java. Using fallback presentation compiler.
2026.03.23 14:53:18 INFO  no build target found for C:\Users\Korsb\OneDrive - Danmarks Tekniske Universitet\Desktop\DTU courses\4. semester\02161 - Software Engineering 1\Exam_project\src\main\java\com\example\Contribution.java. Using fallback presentation compiler.
2026.03.23 14:53:19 INFO  no build target found for C:\Users\Korsb\OneDrive - Danmarks Tekniske Universitet\Desktop\DTU courses\4. semester\02161 - Software Engineering 1\Exam_project\src\main\java\com\example\Contribution.java. Using fallback presentation compiler.
2026.03.23 14:53:19 INFO  no build target found for C:\Users\Korsb\OneDrive - Danmarks Tekniske Universitet\Desktop\DTU courses\4. semester\02161 - Software Engineering 1\Exam_project\src\main\java\com\example\Contribution.java. Using fallback presentation compiler.
2026.03.23 14:53:19 INFO  no build target found for C:\Users\Korsb\OneDrive - Danmarks Tekniske Universitet\Desktop\DTU courses\4. semester\02161 - Software Engineering 1\Exam_project\src\main\java\com\example\Contribution.java. Using fallback presentation compiler.
2026.03.23 14:53:21 INFO  no build target found for C:\Users\Korsb\OneDrive - Danmarks Tekniske Universitet\Desktop\DTU courses\4. semester\02161 - Software Engineering 1\Exam_project\src\main\java\com\example\Contribution.java. Using fallback presentation compiler.
2026.03.23 14:53:21 INFO  no build target found for C:\Users\Korsb\OneDrive - Danmarks Tekniske Universitet\Desktop\DTU courses\4. semester\02161 - Software Engineering 1\Exam_project\src\main\java\com\example\Contribution.java. Using fallback presentation compiler.
2026.03.23 14:53:21 INFO  no build target found for C:\Users\Korsb\OneDrive - Danmarks Tekniske Universitet\Desktop\DTU courses\4. semester\02161 - Software Engineering 1\Exam_project\src\main\java\com\example\Contribution.java. Using fallback presentation compiler.
2026.03.23 14:53:21 INFO  no build target found for C:\Users\Korsb\OneDrive - Danmarks Tekniske Universitet\Desktop\DTU courses\4. semester\02161 - Software Engineering 1\Exam_project\src\main\java\com\example\Contribution.java. Using fallback presentation compiler.
2026.03.23 14:53:22 INFO  no build target found for C:\Users\Korsb\OneDrive - Danmarks Tekniske Universitet\Desktop\DTU courses\4. semester\02161 - Software Engineering 1\Exam_project\src\main\java\com\example\Contribution.java. Using fallback presentation compiler.
2026.03.23 14:53:22 INFO  no build target found for C:\Users\Korsb\OneDrive - Danmarks Tekniske Universitet\Desktop\DTU courses\4. semester\02161 - Software Engineering 1\Exam_project\src\main\java\com\example\Contribution.java. Using fallback presentation compiler.
2026.03.23 14:53:23 INFO  no build target found for C:\Users\Korsb\OneDrive - Danmarks Tekniske Universitet\Desktop\DTU courses\4. semester\02161 - Software Engineering 1\Exam_project\src\main\java\com\example\Contribution.java. Using fallback presentation compiler.
2026.03.23 14:53:23 INFO  no build target found for C:\Users\Korsb\OneDrive - Danmarks Tekniske Universitet\Desktop\DTU courses\4. semester\02161 - Software Engineering 1\Exam_project\src\main\java\com\example\Contribution.java. Using fallback presentation compiler.
2026.03.23 14:53:23 INFO  no build target found for C:\Users\Korsb\OneDrive - Danmarks Tekniske Universitet\Desktop\DTU courses\4. semester\02161 - Software Engineering 1\Exam_project\src\main\java\com\example\Contribution.java. Using fallback presentation compiler.
